Arguments: 
  C:\Program Files\nvm\v16.16.0\node.exe C:\Program Files (x86)\Yarn\bin\yarn.js add total4

PATH: 
  C:\Users\chnak\bin;C:\Program Files (x86)\Git\mingw32\bin;C:\Program Files (x86)\Git\usr\local\bin;C:\Program Files (x86)\Git\usr\bin;C:\Program Files (x86)\Git\usr\bin;C:\Program Files (x86)\Git\mingw32\bin;C:\Program Files (x86)\Git\usr\bin;C:\Users\chnak\bin;C:\Program Files (x86)\VMware\VMware Workstation\bin;C:\Python\Python310\Scripts;C:\Python\Python310;C:\Windows\system32;C:\Windows;C:\Windows\System32\Wbem;C:\Windows\System32\WindowsPowerShell\v1.0;C:\Windows\System32\OpenSSH;C:\Program Files (x86)\NetSarang\Xshell 7;C:\Program Files\Git\cmd;C:\ProgramData\chocolatey\bin;C:\Program Files (x86)\Yarn\bin;C:\Program Files (x86)\NetSarang\Xftp 7;C:\Python27;C:\Python27\Scripts;D:\Program Files\ffmpeg-master-latest-win64-gpl\bin;C:\Program Files (x86)\Git\cmd;%NVM_HOME%;%NVM_SYMLINK%;C:\Users\chnak\AppData\Local\Programs\Python\Python311\Scripts;C:\Users\chnak\AppData\Local\Programs\Python\Python311;C:\Program Files\Microsoft VS Code\bin;C:\Users\chnak\AppData\Local\Yarn\bin;C:\Program Files\nvm;D:\Program Files\nodejs;C:\Users\chnak\.pyenv\pyenv-win\bin;C:\Users\chnak\.pyenv\pyenv-win\shims;C:\Users\chnak\AppData\Roaming\Python\Python311\Scripts;C:\Program Files (x86)\Git\usr\bin\vendor_perl;C:\Program Files (x86)\Git\usr\bin\core_perl

Yarn version: 
  1.22.19

Node version: 
  16.16.0

Platform: 
  win32 x64

Trace: 
  Error: connect ETIMEDOUT 104.16.27.35:443
      at TCPConnectWrap.afterConnect [as oncomplete] (node:net:1187:16)

npm manifest: 
  {
    "name": "www",
    "version": "1.0.0",
    "private": true,
    "scripts": {
      "dev": "nuxt",
      "build": "nuxt build",
      "start": "NODE_ENV=production nuxt start --hostname '0.0.0.0'",
      "generate": "nuxt generate"
    },
    "dependencies": {
      "@nuxtjs/auth": "^4.9.1",
      "@nuxtjs/axios": "^5.13.6",
      "@nuxtjs/google-gtag": "^1.0.4",
      "@nuxtjs/snipcart": "^1.3.0",
      "aliyun-oss-upload": "^0.0.4",
      "axios": "^1.2.0-alpha.1",
      "core-js": "^3.25.3",
      "element-ui": "^2.15.10",
      "html2canvas": "^1.4.1",
      "js-sha1": "^0.6.0",
      "nuxt": "^2.15.8",
      "nuxtjs-sticky-sidebar": "^1.2.0",
      "uikit": "^3.16.4",
      "uuid": "^9.0.0",
      "vue": "^2.7.10",
      "vue-carousel": "^0.18.0",
      "vue-carousel-3d": "^1.0.1",
      "vue-server-renderer": "^2.7.10",
      "vue-template-compiler": "^2.7.10",
      "vue-waterfall-easy": "^2.4.4"
    },
    "devDependencies": {
      "less": "^4.1.3",
      "less-loader": "^11.1.0"
    }
  }

yarn manifest: 
  No manifest

Lockfile: 
  # THIS IS AN AUTOGENERATED FILE. DO NOT EDIT THIS FILE DIRECTLY.
  # yarn lockfile v1
  
  
  dbms@^1.0.6:
    version "1.0.6"
    resolved "https://registry.yarnpkg.com/dbms/-/dbms-1.0.6.tgz#4a62a4d4cbfb4a7836d4e26e88db606d9263f860"
    integrity sha512-QzTTG/T4uT8lqgg/3NXBhqilF8MlcVk6aGKEigd547xr1gsVLeOJNTO3a37IOe/3QGtv/8hM2ly53D4s76Hl3A==
  
  denque@^2.1.0:
    version "2.1.0"
    resolved "https://registry.yarnpkg.com/denque/-/denque-2.1.0.tgz#e93e1a6569fb5e66f16a3c2a2964617d349d6ab1"
    integrity sha512-HVQE3AAb/pxF8fQAoiqpvg9i3evqug3hoiwakOyZAwJm+6vZehbkYXZ0l4JxS+I3QxM97v5aaRNhj8v5oBhekw==
  
  generate-function@^2.3.1:
    version "2.3.1"
    resolved "https://registry.yarnpkg.com/generate-function/-/generate-function-2.3.1.tgz#f069617690c10c868e73b8465746764f97c3479f"
    integrity sha512-eeB5GfMNeevm/GRYq20ShmsaGcmI81kIX2K9XQx5miC8KdHaC6Jm0qQ8ZNeGOi7wYB8OsdxKs+Y2oVuTFuVwKQ==
    dependencies:
      is-property "^1.0.2"
  
  iconv-lite@^0.6.3:
    version "0.6.3"
    resolved "https://registry.yarnpkg.com/iconv-lite/-/iconv-lite-0.6.3.tgz#a52f80bf38da1952eb5c681790719871a1a72501"
    integrity sha512-4fCk79wshMdzMp2rH06qWrJE4iolqLhCUH+OiuIgU++RB0+94NlDL81atO7GX55uUKueo0txHNtvEyI6D7WdMw==
    dependencies:
      safer-buffer ">= 2.1.2 < 3.0.0"
  
  is-property@^1.0.2:
    version "1.0.2"
    resolved "https://registry.yarnpkg.com/is-property/-/is-property-1.0.2.tgz#57fe1c4e48474edd65b09911f26b1cd4095dda84"
    integrity sha512-Ks/IoX00TtClbGQr4TWXemAnktAQvYB7HzcCxDGqEZU6oCmb2INHuOoKxbtR+HFkmYWBKv/dOZtGRiAjDhj92g==
  
  long@^5.2.1:
    version "5.2.1"
    resolved "https://registry.yarnpkg.com/long/-/long-5.2.1.tgz#e27595d0083d103d2fa2c20c7699f8e0c92b897f"
    integrity sha512-GKSNGeNAtw8IryjjkhZxuKB3JzlcLTwjtiQCHKvqQet81I93kXslhDQruGI/QsddO83mcDToBVy7GqGS/zYf/A==
  
  lru-cache@^7.14.1:
    version "7.18.3"
    resolved "https://registry.yarnpkg.com/lru-cache/-/lru-cache-7.18.3.tgz#f793896e0fd0e954a59dfdd82f0773808df6aa89"
    integrity sha512-jumlc0BIUrS3qJGgIkWZsyfAM7NCWiBcCDhnd+3NNM5KbBmLTgHVfWBcg6W+rLUsIpzpERPsvwUP7CckAQSOoA==
  
  mysql2@^3.2.0:
    version "3.2.0"
    resolved "https://registry.yarnpkg.com/mysql2/-/mysql2-3.2.0.tgz#3613a8903bcb7ade0ae35b29945a0378eb67da89"
    integrity sha512-0Vn6a9WSrq6fWwvPgrvIwnOCldiEcgbzapVRDAtDZ4cMTxN7pnGqCTx8EG32S/NYXl6AXkdO+9hV1tSIi/LigA==
    dependencies:
      denque "^2.1.0"
      generate-function "^2.3.1"
      iconv-lite "^0.6.3"
      long "^5.2.1"
      lru-cache "^7.14.1"
      named-placeholders "^1.1.3"
      seq-queue "^0.0.5"
      sqlstring "^2.3.2"
  
  named-placeholders@^1.1.3:
    version "1.1.3"
    resolved "https://registry.yarnpkg.com/named-placeholders/-/named-placeholders-1.1.3.tgz#df595799a36654da55dda6152ba7a137ad1d9351"
    integrity sha512-eLoBxg6wE/rZkJPhU/xRX1WTpkFEwDJEN96oxFrTsqBdbT5ec295Q+CoHrL9IT0DipqKhmGcaZmwOt8OON5x1w==
    dependencies:
      lru-cache "^7.14.1"
  
  "safer-buffer@>= 2.1.2 < 3.0.0":
    version "2.1.2"
    resolved "https://registry.yarnpkg.com/safer-buffer/-/safer-buffer-2.1.2.tgz#44fa161b0187b9549dd84bb91802f9bd8385cd6a"
    integrity sha512-YZo3K82SD7Riyi0E1EQPojLz7kpepnSQI9IyPbHHg1XXXevb5dJI7tpyN2ADxGcQbHG7vcyRHk0cbwqcQriUtg==
  
  seq-queue@^0.0.5:
    version "0.0.5"
    resolved "https://registry.yarnpkg.com/seq-queue/-/seq-queue-0.0.5.tgz#d56812e1c017a6e4e7c3e3a37a1da6d78dd3c93e"
    integrity sha512-hr3Wtp/GZIc/6DAGPDcV4/9WoZhjrkXsi5B/07QgX8tsdc6ilr7BFM6PM6rbdAX1kFSDYeZGLipIZZKyQP0O5Q==
  
  sqlstring@^2.3.2:
    version "2.3.3"
    resolved "https://registry.yarnpkg.com/sqlstring/-/sqlstring-2.3.3.tgz#2ddc21f03bce2c387ed60680e739922c65751d0c"
    integrity sha512-qC9iz2FlN7DQl3+wjwn3802RTyjCx7sDvfQEXchwa6CWOx07/WVfh91gBmQ9fahw8snwGEWU3xGzOt4tFyHLxg==
  
  total4@latest:
    version "0.0.80"
    resolved "https://registry.yarnpkg.com/total4/-/total4-0.0.80.tgz#3fdbd0a353dbf7a93afd6c1ded679b573c62986d"
    integrity sha512-u2vlJ6e3SrAfKjIiC4zib20FIqL7X68mLD0KxnQ92bZa1dwuUgfikcg1CjsuABKT7ywtNZptfNWwVrpuZ/FFPA==
